"Task Aware Debugger for GDB" version 11.10.0 (202404041456)
Copyright 2016-2023 NXP
==================================
00:44:32.236 INFO: [TadModel] DSF session ID 0 has started.
00:44:36.173 INFO: [TadState] TAD state changed: DEBUG_STARTED -> DEBUG_INIT_0 (RESUMED, USER_REQUEST)
00:44:36.204 INFO: [TadState] TAD state changed: DEBUG_INIT_0 -> DEBUG_INIT_1 (SUSPENDED, SIGNAL)
00:44:41.638 INFO: [TadState] TAD state changed: DEBUG_INIT_1 -> DEBUG_SUSPENDED (RESUMED, USER_REQUEST)
00:44:41.775 INFO: [TadState] TAD state changed: DEBUG_SUSPENDED -> DEBUG_SUSPENDED (SUSPENDED, BREAKPOINT)
00:44:43.856 INFO: [TadState] TAD state changed: DEBUG_SUSPENDED -> DEBUG_RESUMED (RESUMED, USER_REQUEST)
00:46:11.472 INFO: [TadState] TAD state changed: DEBUG_RESUMED -> READY (SUSPENDED, SIGNAL)
00:46:11.483 INFO: [Benchmark] Loading data for "Determine RTOS version" has started.
00:46:11.540 ERROR: [VariableReader] Could not read variable expression: "&(FreeRTOSDebugConfig)".
00:46:11.541 ERROR: [VariableReader] Status ERROR: org.eclipse.cdt.dsf.gdb code=10004 Failed to execute MI command:
00:46:11.541 ERROR: [VariableReader] -data-evaluate-expression &(FreeRTOSDebugConfig)
00:46:11.541 ERROR: [VariableReader] Error message from debugger back end:
00:46:11.541 ERROR: [VariableReader] No symbol "FreeRTOSDebugConfig" in current context. java.lang.Exception: No symbol "FreeRTOSDebugConfig" in current context.
00:46:11.559 ERROR: [VariableReader] Could not read variable expression: "sizeof(struct TaskControlBlock_t)".
00:46:11.559 ERROR: [VariableReader] Status ERROR: org.eclipse.cdt.dsf.gdb code=10004 Failed to execute MI command:
00:46:11.559 ERROR: [VariableReader] -data-evaluate-expression "sizeof(struct TaskControlBlock_t)"
00:46:11.559 ERROR: [VariableReader] Error message from debugger back end:
00:46:11.559 ERROR: [VariableReader] No struct type named TaskControlBlock_t. java.lang.Exception: No struct type named TaskControlBlock_t.
00:46:11.576 ERROR: [VariableReader] Could not read variable expression: "&(((struct QueueDefinition *) 0)->pcTail)".
00:46:11.576 ERROR: [VariableReader] Status ERROR: org.eclipse.cdt.dsf.gdb code=10004 Failed to execute MI command:
00:46:11.576 ERROR: [VariableReader] -data-evaluate-expression "&(((struct QueueDefinition *) 0)->pcTail)"
00:46:11.576 ERROR: [VariableReader] Error message from debugger back end:
00:46:11.576 ERROR: [VariableReader] There is no member named pcTail. java.lang.Exception: There is no member named pcTail.
00:46:11.576 INFO: [FreeRtosTadModel] FreeRTOS version has been identified from available FreeRTOS symbols as 10.11.
00:46:11.576 INFO: [Benchmark] Loading data for "Determine RTOS version" took 93 ms.
00:46:11.576 INFO: [Benchmark] Loading data for "Heap Usage" has started.
00:46:12.888 ERROR: [VariableReader] Could not read variable expression: "(((struct tskTaskControlBlock *) 0x10003250)->uxCoreAffinityMask)".
00:46:12.888 ERROR: [VariableReader] Status ERROR: org.eclipse.cdt.dsf.gdb code=10004 Failed to execute MI command:
00:46:12.888 ERROR: [VariableReader] -data-evaluate-expression "(((struct tskTaskControlBlock *) 0x10003250)->uxCoreAffinityMask)"
00:46:12.888 ERROR: [VariableReader] Error message from debugger back end:
00:46:12.888 ERROR: [VariableReader] There is no member named uxCoreAffinityMask. java.lang.Exception: There is no member named uxCoreAffinityMask.
00:46:12.889 INFO: [FreeRTOS] RTOS macro "configUSE_CORE_AFFINITY" is disabled.
00:46:14.684 INFO: [TadState] TAD state changed: READY -> DEBUG_RESUMED (RESUMED, USER_REQUEST)
00:46:16.460 ERROR: [VariableReader] Could not read variable expression: "freeRTOSMemoryScheme".
00:46:16.460 ERROR: [VariableReader] Status ERROR: org.eclipse.cdt.dsf.gdb code=10004 Failed to execute MI command:
00:46:16.460 ERROR: [VariableReader] -data-evaluate-expression freeRTOSMemoryScheme
00:46:16.460 ERROR: [VariableReader] Error message from debugger back end:
00:46:16.460 ERROR: [VariableReader] No symbol "freeRTOSMemoryScheme" in current context. java.lang.Exception: No symbol "freeRTOSMemoryScheme" in current context.
00:46:16.461 ERROR: [TadFactory] Reading exception during: "readIntVariableSafely(freeRTOSMemoryScheme)"
00:46:16.461 INFO: [HeapFactory] TAD will try to determine heap type (memory scheme) from available variables.
00:46:16.461 INFO: [HeapFactory] Make sure you have correctly defined "configFRTOS_MEMORY_SCHEME" macro in FreeRTOSConfig.h. TAD determines heap type either from MCUXpresso IDE's "FreeRTOSDebugConfig" structure (which uses "configFRTOS_MEMORY_SCHEME" define) or user defined variable "static const uint8_t freeRTOSMemoryScheme = <heap_type_used>;".
00:46:16.461 INFO: [FreeRTOS] RTOS macro "configFRTOS_MEMORY_SCHEME" is disabled.
00:46:16.480 INFO: [HeapFactory] Heap variable ucHeap is equal to "0x100025c0".
00:46:16.480 INFO: [HeapFactory] Heap variable xHeapStructSize is equal to "0x10008000".
00:46:16.480 INFO: [HeapFactory] Heap type (memory allocation scheme) has been identified from available heap variables as Heap #4. 
00:46:16.719 INFO: [Benchmark] Loading data for "Heap Usage" took 5143 ms.
00:46:36.131 INFO: [TadState] TAD state changed: DEBUG_RESUMED -> READY (SUSPENDED, SIGNAL)
00:46:36.131 INFO: [Benchmark] Loading data for "Heap Usage" has started.
00:46:37.38 INFO: [Benchmark] Loading data for "Heap Usage" took 907 ms.
00:46:38.286 INFO: [TadModel] DSF session ID 0 has ended.
